d:\documents\github\gamedev\trainingframework_vs2013\trainingframework\debug\trainingframework.pch
d:\documents\github\gamedev\trainingframework_vs2013\trainingframework\debug\vc142.pdb
d:\documents\github\gamedev\trainingframework_vs2013\trainingframework\debug\vc142.idb
d:\documents\github\gamedev\trainingframework_vs2013\trainingframework\debug\stdafx.obj
d:\documents\github\gamedev\trainingframework_vs2013\trainingframework\debug\animation2d.obj
d:\documents\github\gamedev\trainingframework_vs2013\trainingframework\debug\camera.obj
d:\documents\github\gamedev\trainingframework_vs2013\trainingframework\debug\cricle.obj
d:\documents\github\gamedev\trainingframework_vs2013\trainingframework\debug\game.obj
d:\documents\github\gamedev\trainingframework_vs2013\trainingframework\debug\matran.obj
d:\documents\github\gamedev\trainingframework_vs2013\trainingframework\debug\model.obj
d:\documents\github\gamedev\trainingframework_vs2013\trainingframework\debug\object.obj
d:\documents\github\gamedev\trainingframework_vs2013\trainingframework\debug\physic.obj
d:\documents\github\gamedev\trainingframework_vs2013\trainingframework\debug\rectangl.obj
d:\documents\github\gamedev\trainingframework_vs2013\trainingframework\debug\resourcemanager.obj
d:\documents\github\gamedev\trainingframework_vs2013\trainingframework\debug\scenemanager.obj
d:\documents\github\gamedev\trainingframework_vs2013\trainingframework\debug\sprite2d.obj
d:\documents\github\gamedev\trainingframework_vs2013\trainingframework\debug\texture.obj
d:\documents\github\gamedev\trainingframework_vs2013\trainingframework\debug\trainingframework.obj
d:\documents\github\gamedev\trainingframework_vs2013\trainingframework\debug\shaders.obj
d:\documents\github\gamedev\trainingframework_vs2013\bin\trainingframework.exe
d:\documents\github\gamedev\trainingframework_vs2013\bin\trainingframework.ilk
d:\documents\github\gamedev\trainingframework_vs2013\bin\trainingframework.pdb
d:\documents\github\gamedev\trainingframework_vs2013\\bin\trainingframework.pdb
d:\documents\github\gamedev\trainingframework_vs2013\\bin\trainingframework.exe
d:\documents\github\gamedev\trainingframework_vs2013\\bin\trainingframework.ilk
d:\documents\github\gamedev\trainingframework_vs2013\trainingframework\debug\training.fc024ec8.tlog\cl.command.1.tlog
d:\documents\github\gamedev\trainingframework_vs2013\trainingframework\debug\training.fc024ec8.tlog\cl.read.1.tlog
d:\documents\github\gamedev\trainingframework_vs2013\trainingframework\debug\training.fc024ec8.tlog\cl.write.1.tlog
d:\documents\github\gamedev\trainingframework_vs2013\trainingframework\debug\training.fc024ec8.tlog\link.command.1.tlog
d:\documents\github\gamedev\trainingframework_vs2013\trainingframework\debug\training.fc024ec8.tlog\link.read.1.tlog
d:\documents\github\gamedev\trainingframework_vs2013\trainingframework\debug\training.fc024ec8.tlog\link.write.1.tlog
